[2022-01-19 15:52:07,040 INFO root] Taurus CLI Tool v1.15.2
[2022-01-19 15:52:07,041 DEBUG root] Build: 14035 Thu Jan 21 10:28:57 UTC 2021
[2022-01-19 15:52:07,042 DEBUG root] Extended git info:  067490eb Release 1.15.2
[2022-01-19 15:52:07,042 DEBUG root] Command-line options: {'log': 'C:\\Users\\ALFONS~1.CIC\\AppData\\Local\\Temp\\bzt_m45lpp9z.log', 'option': None, 'quiet': None, 'verbose': None, 'no_system_configs': None, 'aliases': []}
[2022-01-19 15:52:07,042 DEBUG root] Python: CPython 3.10.1
[2022-01-19 15:52:07,042 DEBUG root] OS: uname_result(system='Windows', node='NAPGLUXKJAFCWYK', release='10', version='10.0.19042', machine='AMD64')
[2022-01-19 15:52:07,043 DEBUG root] Path to interpreter: c:\users\alfonso.de.cicco\pycharmprojects\appiumsandbox\venv\scripts\python.exe
[2022-01-19 15:52:07,044 DEBUG root] Path to packages: ['C:\\Users\\alfonso.de.cicco\\PycharmProjects\\AppiumSandbox\\venv\\Scripts\\bzt.exe', 'C:\\Users\\alfonso.de.cicco\\AppData\\Local\\Programs\\Python\\Python310\\python310.zip', 'C:\\Users\\alfonso.de.cicco\\AppData\\Local\\Programs\\Python\\Python310\\DLLs', 'C:\\Users\\alfonso.de.cicco\\AppData\\Local\\Programs\\Python\\Python310\\lib', 'C:\\Users\\alfonso.de.cicco\\AppData\\Local\\Programs\\Python\\Python310', 'c:\\users\\alfonso.de.cicco\\pycharmprojects\\appiumsandbox\\venv', 'c:\\users\\alfonso.de.cicco\\pycharmprojects\\appiumsandbox\\venv\\lib\\site-packages']
[2022-01-19 15:52:07,045 DEBUG root] Default python: C:\Users\alfonso.de.cicco\PycharmProjects\AppiumSandbox\venv\Scripts\python.EXE
[2022-01-19 15:52:07,065 DEBUG root] Default python3: C:\Users\alfonso.de.cicco\AppData\Local\Microsoft\WindowsApps\python3.EXE
[2022-01-19 15:52:07,065 INFO root] Starting with configs: ['TaurusPythonTest.yml']
[2022-01-19 15:52:07,066 DEBUG root] Using personal config: C:\Users\alfonso.de.cicco\.bzt-rc
[2022-01-19 15:52:07,066 INFO Engine] Configuring...
[2022-01-19 15:52:07,306 DEBUG Engine] Base configs list: ['c:\\users\\alfonso.de.cicco\\pycharmprojects\\appiumsandbox\\venv\\lib\\site-packages\\bzt\\resources/10-base-config.yml']
[2022-01-19 15:52:07,306 DEBUG Engine.Configuration] Configs: ['c:\\users\\alfonso.de.cicco\\pycharmprojects\\appiumsandbox\\venv\\lib\\site-packages\\bzt\\resources/10-base-config.yml']
[2022-01-19 15:52:07,317 DEBUG Engine.Configuration] Reading c:\users\alfonso.de.cicco\pycharmprojects\appiumsandbox\venv\lib\site-packages\bzt\resources/10-base-config.yml as YAML
[2022-01-19 15:52:07,333 DEBUG Engine] User configs list: ['C:\\Users\\alfonso.de.cicco\\.bzt-rc', 'TaurusPythonTest.yml']
[2022-01-19 15:52:07,333 DEBUG Engine.Configuration] Configs: ['C:\\Users\\alfonso.de.cicco\\.bzt-rc', 'TaurusPythonTest.yml']
[2022-01-19 15:52:07,343 DEBUG Engine.Configuration] Reading C:\Users\alfonso.de.cicco\.bzt-rc as YAML
[2022-01-19 15:52:07,346 DEBUG Engine.Configuration] Reading TaurusPythonTest.yml as YAML
[2022-01-19 15:52:07,347 DEBUG Engine.Configuration] Configs: ['C:\\Users\\alfonso.de.cicco\\.bzt-rc', 'TaurusPythonTest.yml']
[2022-01-19 15:52:07,347 DEBUG Engine.Configuration] Reading C:\Users\alfonso.de.cicco\.bzt-rc as YAML
[2022-01-19 15:52:07,350 DEBUG Engine.Configuration] Reading TaurusPythonTest.yml as YAML
[2022-01-19 15:52:07,352 DEBUG Engine] Requesting updates info: https://gettaurus.org/updates/?version=1.15.2&installID=windows-48a4720946f5
[2022-01-19 15:52:07,352 DEBUG HTTPClient] Making HTTP request GET https://gettaurus.org/updates/?version=1.15.2&installID=windows-48a4720946f5
[2022-01-19 15:52:07,352 INFO Engine] Artifacts dir: C:\Users\alfonso.de.cicco\PycharmProjects\AppiumSandbox\Test\Taurus\2022-01-19_15-52-07.352803
[2022-01-19 15:52:07,355 DEBUG Engine] New artifact filename: C:\Users\alfonso.de.cicco\PycharmProjects\AppiumSandbox\Test\Taurus\2022-01-19_15-52-07.352803\effective
[2022-01-19 15:52:07,357 DEBUG Engine.Configuration] Dumping YAML config into C:\Users\alfonso.de.cicco\PycharmProjects\AppiumSandbox\Test\Taurus\2022-01-19_15-52-07.352803\effective.yml
[2022-01-19 15:52:07,377 DEBUG Engine.Configuration] Dumping JSON config into C:\Users\alfonso.de.cicco\PycharmProjects\AppiumSandbox\Test\Taurus\2022-01-19_15-52-07.352803\effective.json
[2022-01-19 15:52:07,378 DEBUG urllib3.connectionpool] Starting new HTTPS connection (1): gettaurus.org:443
[2022-01-19 15:52:07,379 DEBUG Engine] New artifact filename: C:\Users\alfonso.de.cicco\PycharmProjects\AppiumSandbox\Test\Taurus\2022-01-19_15-52-07.352803\merged.yml
[2022-01-19 15:52:07,385 DEBUG Engine.Configuration] Dumping YAML config into C:\Users\alfonso.de.cicco\PycharmProjects\AppiumSandbox\Test\Taurus\2022-01-19_15-52-07.352803\merged.yml
[2022-01-19 15:52:07,387 DEBUG Engine] New artifact filename: C:\Users\alfonso.de.cicco\PycharmProjects\AppiumSandbox\Test\Taurus\2022-01-19_15-52-07.352803\merged.json
[2022-01-19 15:52:07,388 DEBUG Engine.Configuration] Dumping JSON config into C:\Users\alfonso.de.cicco\PycharmProjects\AppiumSandbox\Test\Taurus\2022-01-19_15-52-07.352803\merged.json
[2022-01-19 15:52:07,389 DEBUG Engine] Add existing artifact (move=False): TaurusPythonTest.yml
[2022-01-19 15:52:07,389 DEBUG Engine] Copying TaurusPythonTest.yml to C:\Users\alfonso.de.cicco\PycharmProjects\AppiumSandbox\Test\Taurus\2022-01-19_15-52-07.352803\TaurusPythonTest.yml
[2022-01-19 15:52:07,396 DEBUG Engine] Set PYTHONPATH to :
	USER: 'C:\Users\alfonso.de.cicco\.bzt\python-packages\3.10.1' +
	TEMP: 'C:\Users\alfonso.de.cicco\PycharmProjects\AppiumSandbox\Test\Taurus\2022-01-19_15-52-07.352803\python-packages\3.10.1' +
	CURRENT: ''
[2022-01-19 15:52:07,396 DEBUG Engine] Content of user packages dir: ['apiritif', 'apiritif-1.0.0.dist-info', 'atomicwrites', 'atomicwrites-1.4.0.dist-info', 'attr', 'attrs', 'attrs-21.4.0.dist-info', 'bin', 'certifi', 'certifi-2021.10.8.dist-info', 'cffi', 'cffi-1.15.0.dist-info', 'chardet', 'chardet-4.0.0.dist-info', 'charset_normalizer', 'charset_normalizer-2.0.10.dist-info', 'colorama', 'colorama-0.4.4.dist-info', 'cryptography', 'cryptography-36.0.1.dist-info', 'cssselect', 'cssselect-1.1.0.dist-info', 'decorator-5.1.1.dist-info', 'decorator.py', 'execnet', 'execnet-1.9.0.dist-info', 'idna', 'idna-3.3.dist-info', 'iniconfig', 'iniconfig-1.1.1.dist-info', 'jsonpath_ng', 'jsonpath_ng-1.5.3.dist-info', 'lxml', 'lxml-4.7.1.dist-info', 'man', 'nose', 'nose-1.3.7.dist-info', 'OpenSSL', 'packaging', 'packaging-21.3.dist-info', 'pluggy', 'pluggy-1.0.0.dist-info', 'ply', 'ply-3.11.dist-info', 'py', 'py-1.11.0.dist-info', 'pycparser', 'pycparser-2.21.dist-info', 'pyOpenSSL-21.0.0.dist-info', 'pyparsing', 'pyparsing-3.0.6.dist-info', 'pytest', 'pytest-6.2.5.dist-info', 'pytest_forked', 'pytest_forked-1.4.0.dist-info', 'pytest_xdist-2.5.0.dist-info', 'requests', 'requests-2.27.1.dist-info', 'six-1.16.0.dist-info', 'six.py', 'toml', 'toml-0.10.2.dist-info', 'unicodecsv', 'unicodecsv-0.14.1.dist-info', 'urllib3', 'urllib3-1.26.8.dist-info', 'xdist', '_cffi_backend.cp310-win_amd64.pyd', '_pytest', '__pycache__']
[2022-01-19 15:52:07,398 DEBUG Engine] OS env: OBJC_DISABLE_INITIALIZE_FORK_SAFETY=YES
[2022-01-19 15:52:07,398 DEBUG Engine] OS env: TAURUS_ARTIFACTS_DIR=C:\Users\alfonso.de.cicco\PycharmProjects\AppiumSandbox\Test\Taurus\2022-01-19_15-52-07.352803
[2022-01-19 15:52:07,398 DEBUG root] Closing log handler: C:\Users\ALFONS~1.CIC\AppData\Local\Temp\bzt_m45lpp9z.log
[2022-01-19 15:52:07,407 DEBUG root] Switched writing logs to C:\Users\alfonso.de.cicco\PycharmProjects\AppiumSandbox\Test\Taurus\2022-01-19_15-52-07.352803\bzt.log
[2022-01-19 15:52:07,407 DEBUG root] Linting config
[2022-01-19 15:52:07,409 INFO Engine] Preparing...
[2022-01-19 15:52:07,410 DEBUG Engine] Module config: consolidator {'class': 'bzt.modules.aggregator.ConsolidatingAggregator'}
[2022-01-19 15:52:07,410 DEBUG root] Importing module: bzt.modules.aggregator
[2022-01-19 15:52:07,917 DEBUG root] Loading class: 'ConsolidatingAggregator' from <module 'bzt.modules.aggregator' from 'c:\\users\\alfonso.de.cicco\\pycharmprojects\\appiumsandbox\\venv\\lib\\site-packages\\bzt\\modules\\aggregator.py'>
[2022-01-19 15:52:07,917 DEBUG Engine.consolidator] Buffer scaling setup: percentile 95.0 from [0.0, 50.0, 90.0, 95.0, 99.0, 99.9, 100.0] selected
[2022-01-19 15:52:07,918 DEBUG Engine] Module config: monitoring {'class': 'bzt.modules.monitoring.Monitoring'}
[2022-01-19 15:52:07,918 DEBUG root] Importing module: bzt.modules.monitoring
[2022-01-19 15:52:07,923 DEBUG root] Loading class: 'Monitoring' from <module 'bzt.modules.monitoring' from 'c:\\users\\alfonso.de.cicco\\pycharmprojects\\appiumsandbox\\venv\\lib\\site-packages\\bzt\\modules\\monitoring.py'>
[2022-01-19 15:52:07,923 DEBUG Engine] Module config: local {'class': 'bzt.modules.provisioning.Local'}
[2022-01-19 15:52:07,924 DEBUG root] Importing module: bzt.modules.provisioning
[2022-01-19 15:52:07,924 DEBUG root] Loading class: 'Local' from <module 'bzt.modules.provisioning' from 'c:\\users\\alfonso.de.cicco\\pycharmprojects\\appiumsandbox\\venv\\lib\\site-packages\\bzt\\modules\\provisioning.py'>
[2022-01-19 15:52:07,924 DEBUG Engine] Module config: selenium {'class': 'bzt.modules.selenium.SeleniumExecutor'}
[2022-01-19 15:52:07,924 DEBUG root] Importing module: bzt.modules.selenium
[2022-01-19 15:52:07,926 DEBUG root] Loading class: 'SeleniumExecutor' from <module 'bzt.modules.selenium' from 'c:\\users\\alfonso.de.cicco\\pycharmprojects\\appiumsandbox\\venv\\lib\\site-packages\\bzt\\modules\\selenium.py'>
[2022-01-19 15:52:07,926 DEBUG Engine.local] Preparing executor: selenium/2573230113456
[2022-01-19 15:52:07,928 DEBUG Engine.selenium] Detected script type: apiritif
[2022-01-19 15:52:07,928 DEBUG Engine] Module config: apiritif {'class': 'bzt.modules.apiritif.ApiritifNoseExecutor'}
[2022-01-19 15:52:07,928 DEBUG root] Importing module: bzt.modules.apiritif
[2022-01-19 15:52:07,975 DEBUG root] Loading class: 'ApiritifNoseExecutor' from <module 'bzt.modules.apiritif' from 'c:\\users\\alfonso.de.cicco\\pycharmprojects\\appiumsandbox\\venv\\lib\\site-packages\\bzt\\modules\\apiritif\\__init__.py'>
[2022-01-19 15:52:07,975 DEBUG Engine] New artifact filename: C:\Users\alfonso.de.cicco\PycharmProjects\AppiumSandbox\Test\Taurus\2022-01-19_15-52-07.352803\apiritif.out
[2022-01-19 15:52:07,976 DEBUG Engine] New artifact filename: C:\Users\alfonso.de.cicco\PycharmProjects\AppiumSandbox\Test\Taurus\2022-01-19_15-52-07.352803\apiritif.err
[2022-01-19 15:52:07,977 DEBUG Engine] New artifact filename: C:\Users\alfonso.de.cicco\PycharmProjects\AppiumSandbox\Test\Taurus\2022-01-19_15-52-07.352803\ApiritifNoseExecutor.dat
[2022-01-19 15:52:07,977 DEBUG Engine] Module config: final-stats {'class': 'bzt.modules.reporting.FinalStatus'}
[2022-01-19 15:52:07,977 DEBUG root] Importing module: bzt.modules.reporting
[2022-01-19 15:52:08,007 DEBUG root] Loading class: 'FinalStatus' from <module 'bzt.modules.reporting' from 'c:\\users\\alfonso.de.cicco\\pycharmprojects\\appiumsandbox\\venv\\lib\\site-packages\\bzt\\modules\\reporting.py'>
[2022-01-19 15:52:08,007 DEBUG Engine] Module config: console {'class': 'bzt.modules.console.ConsoleStatusReporter'}
[2022-01-19 15:52:08,007 DEBUG root] Importing module: bzt.modules.console
[2022-01-19 15:52:08,007 DEBUG root] Loading class: 'ConsoleStatusReporter' from <module 'bzt.modules.console' from 'c:\\users\\alfonso.de.cicco\\pycharmprojects\\appiumsandbox\\venv\\lib\\site-packages\\bzt\\modules\\console.py'>
[2022-01-19 15:52:08,008 DEBUG Engine.console] Can't use 'console' screen, trying 'gui'
[2022-01-19 15:52:08,025 DEBUG Engine.Configuration] Dumping YAML config into C:\Users\alfonso.de.cicco\PycharmProjects\AppiumSandbox\Test\Taurus\2022-01-19_15-52-07.352803\effective.yml
[2022-01-19 15:52:08,037 DEBUG Engine.Configuration] Dumping JSON config into C:\Users\alfonso.de.cicco\PycharmProjects\AppiumSandbox\Test\Taurus\2022-01-19_15-52-07.352803\effective.json
[2022-01-19 15:52:08,038 INFO Engine] Starting...
[2022-01-19 15:52:08,039 DEBUG Engine] Startup <bzt.modules.monitoring.Monitoring object at 0x00000257116E4190>
[2022-01-19 15:52:08,039 DEBUG Engine] Startup <bzt.modules.aggregator.ConsolidatingAggregator object at 0x00000257116E5DE0>
[2022-01-19 15:52:08,039 DEBUG Engine] Startup <bzt.modules.reporting.FinalStatus object at 0x00000257209539A0>
[2022-01-19 15:52:08,039 DEBUG Engine] Startup <bzt.modules.console.ConsoleStatusReporter object at 0x0000025720953A30>
[2022-01-19 15:52:08,039 INFO Engine.console] Waiting for results...
[2022-01-19 15:52:08,040 DEBUG Engine] Startup <bzt.modules.provisioning.Local object at 0x00000257116E5D50>
[2022-01-19 15:52:08,040 DEBUG Engine.local] Delay setup for selenium/Modulazione: 0(start-at) + 0(delay) = 0
[2022-01-19 15:52:08,041 DEBUG Engine.Configuration] Dumping YAML config into C:\Users\alfonso.de.cicco\PycharmProjects\AppiumSandbox\Test\Taurus\2022-01-19_15-52-07.352803\effective.yml
[2022-01-19 15:52:08,054 DEBUG Engine.Configuration] Dumping JSON config into C:\Users\alfonso.de.cicco\PycharmProjects\AppiumSandbox\Test\Taurus\2022-01-19_15-52-07.352803\effective.json
[2022-01-19 15:52:08,055 DEBUG root] Leveling down log file verbosity to INFO, use -v option to have DEBUG messages enabled
[2022-01-19 15:52:08,055 DEBUG root] Leveled up log file verbosity
[2022-01-19 15:52:08,055 DEBUG Engine] New artifact filename: C:\Users\alfonso.de.cicco\PycharmProjects\AppiumSandbox\Test\Taurus\2022-01-19_15-52-07.352803\apiritif.
[2022-01-19 15:52:08,055 DEBUG root] Executing shell: ['c:\\users\\alfonso.de.cicco\\pycharmprojects\\appiumsandbox\\venv\\scripts\\python.exe', '-m', 'apiritif.loadgen', '--result-file-template', 'C:\\Users\\alfonso.de.cicco\\PycharmProjects\\AppiumSandbox\\Test\\Taurus\\2022-01-19_15-52-07.352803\\apiritif.%s.csv', '--concurrency', '1', '--iterations', '1', '--hold-for', '120.0', '--ramp-up', '15.0', 'C:\\Users\\alfonso.de.cicco\\PycharmProjects\\AppiumSandbox\\Test\\FirstTest.py'] at C:\Users\alfonso.de.cicco\PycharmProjects\AppiumSandbox\Test\Taurus
[2022-01-19 15:52:08,138 DEBUG Engine.local] Starting execution: selenium/Modulazione, rest of available slots: 9223372036854775806
[2022-01-19 15:52:08,138 DEBUG root] Leveling down log file verbosity to INFO, use -v option to have DEBUG messages enabled
[2022-01-19 15:52:08,556 INFO Engine.console] Did not mute console logging
[2022-01-19 15:52:08,830 INFO Engine.console] Waiting for finish...
[2022-01-19 15:52:08,855 WARNING Engine] There is newer version of Taurus 1.16.2 available, consider upgrading. What's new: http://gettaurus.org/docs/Changelog/
[2022-01-19 15:53:12,390 WARNING Engine] Please wait for graceful shutdown...
[2022-01-19 15:53:12,391 DEBUG root] Leveled up log file verbosity
[2022-01-19 15:53:12,391 INFO Engine] Shutting down...
[2022-01-19 15:53:12,391 DEBUG Engine] Current stop reason: None
[2022-01-19 15:53:12,391 DEBUG Engine.local] Shutdown selenium/Modulazione
[2022-01-19 15:53:12,392 DEBUG Engine.selenium] Selenium tests ran for 64.33754396438599 seconds
[2022-01-19 15:53:12,406 DEBUG Engine.console] No logger_handler or orig_stream was detected
[2022-01-19 15:53:12,408 DEBUG Engine.Configuration] Dumping YAML config into C:\Users\alfonso.de.cicco\PycharmProjects\AppiumSandbox\Test\Taurus\2022-01-19_15-52-07.352803\effective.yml
[2022-01-19 15:53:12,436 DEBUG Engine.Configuration] Dumping JSON config into C:\Users\alfonso.de.cicco\PycharmProjects\AppiumSandbox\Test\Taurus\2022-01-19_15-52-07.352803\effective.json
[2022-01-19 15:53:12,437 INFO Engine] Post-processing...
[2022-01-19 15:53:12,438 DEBUG Engine.local] Post-process selenium/Modulazione
[2022-01-19 15:53:12,442 DEBUG Engine.local] Exception in post_process of SeleniumExecutor: Empty results, most likely Modulazione (SeleniumExecutor) failed. Actual reason for this can be found in logs under C:\Users\alfonso.de.cicco\PycharmProjects\AppiumSandbox\Test\Taurus\2022-01-19_15-52-07.352803 Traceback (most recent call last):
  File "c:\users\alfonso.de.cicco\pycharmprojects\appiumsandbox\venv\lib\site-packages\bzt\modules\provisioning.py", line 167, in post_process
    raise ToolError(message, diagnostics)
bzt.ToolError: Empty results, most likely Modulazione (SeleniumExecutor) failed. Actual reason for this can be found in logs under C:\Users\alfonso.de.cicco\PycharmProjects\AppiumSandbox\Test\Taurus\2022-01-19_15-52-07.352803

[2022-01-19 15:53:12,447 DEBUG Engine] post_process: Empty results, most likely Modulazione (SeleniumExecutor) failed. Actual reason for this can be found in logs under C:\Users\alfonso.de.cicco\PycharmProjects\AppiumSandbox\Test\Taurus\2022-01-19_15-52-07.352803
Traceback (most recent call last):
  File "c:\users\alfonso.de.cicco\pycharmprojects\appiumsandbox\venv\lib\site-packages\bzt\engine\engine.py", line 341, in post_process
    module.post_process()
  File "c:\users\alfonso.de.cicco\pycharmprojects\appiumsandbox\venv\lib\site-packages\bzt\modules\provisioning.py", line 176, in post_process
    reraise(exc_info, exc_value)
  File "c:\users\alfonso.de.cicco\pycharmprojects\appiumsandbox\venv\lib\site-packages\bzt\utils.py", line 103, in reraise
    raise exc
  File "c:\users\alfonso.de.cicco\pycharmprojects\appiumsandbox\venv\lib\site-packages\bzt\modules\provisioning.py", line 167, in post_process
    raise ToolError(message, diagnostics)
bzt.ToolError: Empty results, most likely Modulazione (SeleniumExecutor) failed. Actual reason for this can be found in logs under C:\Users\alfonso.de.cicco\PycharmProjects\AppiumSandbox\Test\Taurus\2022-01-19_15-52-07.352803

[2022-01-19 15:53:12,449 DEBUG Engine.apiritif.ApiritifLoadReader.JTLReader] Buffer len: 0; Known errors count: 0
[2022-01-19 15:53:12,450 DEBUG Engine.apiritif.ApiritifLoadReader] Consolidator buffer[0]: dict_keys([])
[2022-01-19 15:53:12,450 DEBUG Engine.consolidator] Consolidator buffer[0]: dict_keys([])
[2022-01-19 15:53:12,450 INFO Engine.final-stats] Test duration: 0:01:04
[2022-01-19 15:53:12,451 DEBUG Engine.console] No logger_handler or orig_stream was detected
[2022-01-19 15:53:12,453 DEBUG Engine.Configuration] Dumping YAML config into C:\Users\alfonso.de.cicco\PycharmProjects\AppiumSandbox\Test\Taurus\2022-01-19_15-52-07.352803\effective.yml
[2022-01-19 15:53:12,469 DEBUG Engine.Configuration] Dumping JSON config into C:\Users\alfonso.de.cicco\PycharmProjects\AppiumSandbox\Test\Taurus\2022-01-19_15-52-07.352803\effective.json
[2022-01-19 15:53:12,469 ERROR root] Child Process Error: Empty results, most likely Modulazione (SeleniumExecutor) failed. Actual reason for this can be found in logs under C:\Users\alfonso.de.cicco\PycharmProjects\AppiumSandbox\Test\Taurus\2022-01-19_15-52-07.352803
[2022-01-19 15:53:12,471 ERROR root] ApiritifNoseExecutor STDOUT:
2022-01-19 15:52:09,953:INFO:23664:5908:apiritif:Total workers: 1
2022-01-19 15:52:11,286:INFO:23120:23724:apiritif:Adding worker: idx=0	concurrency=1	results=C:\Users\alfonso.de.cicco\PycharmProjects\AppiumSandbox\Test\Taurus\2022-01-19_15-52-07.352803\apiritif.0.csv
2022-01-19 15:52:16,474:WARNING:23120:15344:urllib3.connectionpool:Retrying (Retry(total=2, connect=None, read=None, redirect=None, status=None)) after connection broken by 'ConnectTimeoutError(<urllib3.connection.HTTPConnection object at 0x00000275CCFD9DE0>, 'Connection to 127.0.0.1 timed out. (connect timeout=1.0)')': /wd/hub/status
2022-01-19 15:52:17,475:WARNING:23120:15344:urllib3.connectionpool:Retrying (Retry(total=1, connect=None, read=None, redirect=None, status=None)) after connection broken by 'ConnectTimeoutError(<urllib3.connection.HTTPConnection object at 0x00000275CCFDA080>, 'Connection to 127.0.0.1 timed out. (connect timeout=1.0)')': /wd/hub/status
The server is running?True
True
2022-01-19 15:53:11,365:INFO:23120:23724:apiritif:Workers finished, awaiting result writer
2022-01-19 15:53:11,367:INFO:23120:23724:apiritif:Results written, shutting down
[2022-01-19 15:53:12,472 ERROR root] ApiritifNoseExecutor STDERR:
c:\users\alfonso.de.cicco\pycharmprojects\appiumsandbox\venv\lib\site-packages\apiritif\loadgen.py:96: DeprecationWarning: setDaemon() is deprecated, set the daemon attribute instead
  self.setDaemon(True)
c:\users\alfonso.de.cicco\pycharmprojects\appiumsandbox\venv\lib\site-packages\apiritif\loadgen.py:97: DeprecationWarning: setName() is deprecated, set the name attribute instead
  self.setName(self.__class__.__name__)
Exception in thread Supervisor:
multiprocessing.pool.RemoteTraceback: 
"""
Traceback (most recent call last):
  File "C:\Users\alfonso.de.cicco\AppData\Local\Programs\Python\Python310\lib\multiprocessing\pool.py", line 125, in worker
    result = (True, func(*args, **kwds))
  File "C:\Users\alfonso.de.cicco\AppData\Local\Programs\Python\Python310\lib\multiprocessing\pool.py", line 48, in mapstar
    return list(map(*args))
  File "c:\users\alfonso.de.cicco\pycharmprojects\appiumsandbox\venv\lib\site-packages\apiritif\loadgen.py", line 58, in spawn_worker
    worker.start()
  File "c:\users\alfonso.de.cicco\pycharmprojects\appiumsandbox\venv\lib\site-packages\apiritif\loadgen.py", line 159, in start
    self.map(self.run_nose, params)
  File "C:\Users\alfonso.de.cicco\AppData\Local\Programs\Python\Python310\lib\multiprocessing\pool.py", line 364, in map
    return self._map_async(func, iterable, mapstar, chunksize).get()
  File "C:\Users\alfonso.de.cicco\AppData\Local\Programs\Python\Python310\lib\multiprocessing\pool.py", line 771, in get
    raise self._value
  File "C:\Users\alfonso.de.cicco\AppData\Local\Programs\Python\Python310\lib\multiprocessing\pool.py", line 125, in worker
    result = (True, func(*args, **kwds))
  File "C:\Users\alfonso.de.cicco\AppData\Local\Programs\Python\Python310\lib\multiprocessing\pool.py", line 48, in mapstar
    return list(map(*args))
  File "c:\users\alfonso.de.cicco\pycharmprojects\appiumsandbox\venv\lib\site-packages\apiritif\loadgen.py", line 206, in run_nose
    ApiritifTestProgram(config=config)
  File "c:\users\alfonso.de.cicco\pycharmprojects\appiumsandbox\venv\lib\site-packages\apiritif\loadgen.py", line 252, in __init__
    super(ApiritifTestProgram, self).__init__(*args, **kwargs)
  File "c:\users\alfonso.de.cicco\pycharmprojects\appiumsandbox\venv\lib\site-packages\nose\core.py", line 118, in __init__
    unittest.TestProgram.__init__(
  File "C:\Users\alfonso.de.cicco\AppData\Local\Programs\Python\Python310\lib\unittest\main.py", line 100, in __init__
    self.parseArgs(argv)
  File "c:\users\alfonso.de.cicco\pycharmprojects\appiumsandbox\venv\lib\site-packages\apiritif\loadgen.py", line 259, in parseArgs
    self.createTests()
  File "c:\users\alfonso.de.cicco\pycharmprojects\appiumsandbox\venv\lib\site-packages\nose\core.py", line 193, in createTests
    self.test = self.testLoader.loadTestsFromNames(self.testNames)
  File "c:\users\alfonso.de.cicco\pycharmprojects\appiumsandbox\venv\lib\site-packages\nose\loader.py", line 481, in loadTestsFromNames
    return unittest.TestLoader.loadTestsFromNames(self, names, module)
  File "C:\Users\alfonso.de.cicco\AppData\Local\Programs\Python\Python310\lib\unittest\loader.py", line 220, in loadTestsFromNames
    suites = [self.loadTestsFromName(name, module) for name in names]
  File "C:\Users\alfonso.de.cicco\AppData\Local\Programs\Python\Python310\lib\unittest\loader.py", line 220, in <listcomp>
    suites = [self.loadTestsFromName(name, module) for name in names]
  File "c:\users\alfonso.de.cicco\pycharmprojects\appiumsandbox\venv\lib\site-packages\nose\loader.py", line 431, in loadTestsFromName
    return self.loadTestsFromModule(
  File "c:\users\alfonso.de.cicco\pycharmprojects\appiumsandbox\venv\lib\site-packages\nose\loader.py", line 359, in loadTestsFromModule
    return self.suiteClass(ContextList(tests, context=module))
  File "c:\users\alfonso.de.cicco\pycharmprojects\appiumsandbox\venv\lib\site-packages\nose\suite.py", line 428, in __call__
    return self.makeSuite(tests, context, **kw)
  File "c:\users\alfonso.de.cicco\pycharmprojects\appiumsandbox\venv\lib\site-packages\nose\suite.py", line 475, in makeSuite
    suite = self.suiteClass(
  File "c:\users\alfonso.de.cicco\pycharmprojects\appiumsandbox\venv\lib\site-packages\nose\suite.py", line 159, in __init__
    super(ContextSuite, self).__init__(tests)
  File "c:\users\alfonso.de.cicco\pycharmprojects\appiumsandbox\venv\lib\site-packages\nose\suite.py", line 53, in __init__
    super(LazySuite, self).__init__()
  File "C:\Users\alfonso.de.cicco\AppData\Local\Programs\Python\Python310\lib\unittest\suite.py", line 22, in __init__
    self._tests = []
  File "c:\users\alfonso.de.cicco\pycharmprojects\appiumsandbox\venv\lib\site-packages\nose\suite.py", line 106, in _set_tests
    if isinstance(tests, collections.Callable) and not is_suite:
AttributeError: module 'collections' has no attribute 'Callable'
"""

The above exception was the direct cause of the following exception:

Traceback (most recent call last):
  File "C:\Users\alfonso.de.cicco\AppData\Local\Programs\Python\Python310\lib\threading.py", line 1009, in _bootstrap_inner
    self.run()
  File "C:\Users\alfonso.de.cicco\AppData\Local\Programs\Python\Python310\lib\threading.py", line 946, in run
    self._target(*self._args, **self._kwargs)
  File "c:\users\alfonso.de.cicco\pycharmprojects\appiumsandbox\venv\lib\site-packages\apiritif\loadgen.py", line 135, in _start_workers
    self.workers.map(spawn_worker, args)
  File "C:\Users\alfonso.de.cicco\AppData\Local\Programs\Python\Python310\lib\multiprocessing\pool.py", line 364, in map
    return self._map_async(func, iterable, mapstar, chunksize).get()
  File "C:\Users\alfonso.de.cicco\AppData\Local\Programs\Python\Python310\lib\multiprocessing\pool.py", line 771, in get
    raise self._value
AttributeError: module 'collections' has no attribute 'Callable'
[2022-01-19 15:53:12,482 DEBUG root] ToolError: Empty results, most likely Modulazione (SeleniumExecutor) failed. Actual reason for this can be found in logs under C:\Users\alfonso.de.cicco\PycharmProjects\AppiumSandbox\Test\Taurus\2022-01-19_15-52-07.352803
  File "c:\users\alfonso.de.cicco\pycharmprojects\appiumsandbox\venv\lib\site-packages\bzt\cli.py", line 280, in perform
    self.engine.post_process()
  File "c:\users\alfonso.de.cicco\pycharmprojects\appiumsandbox\venv\lib\site-packages\bzt\engine\engine.py", line 355, in post_process
    reraise(exc_info, exc_value)
  File "c:\users\alfonso.de.cicco\pycharmprojects\appiumsandbox\venv\lib\site-packages\bzt\utils.py", line 103, in reraise
    raise exc
  File "c:\users\alfonso.de.cicco\pycharmprojects\appiumsandbox\venv\lib\site-packages\bzt\engine\engine.py", line 341, in post_process
    module.post_process()
  File "c:\users\alfonso.de.cicco\pycharmprojects\appiumsandbox\venv\lib\site-packages\bzt\modules\provisioning.py", line 176, in post_process
    reraise(exc_info, exc_value)
  File "c:\users\alfonso.de.cicco\pycharmprojects\appiumsandbox\venv\lib\site-packages\bzt\utils.py", line 103, in reraise
    raise exc
  File "c:\users\alfonso.de.cicco\pycharmprojects\appiumsandbox\venv\lib\site-packages\bzt\modules\provisioning.py", line 167, in post_process
    raise ToolError(message, diagnostics)
[2022-01-19 15:53:12,483 INFO root] Artifacts dir: C:\Users\alfonso.de.cicco\PycharmProjects\AppiumSandbox\Test\Taurus\2022-01-19_15-52-07.352803
[2022-01-19 15:53:12,485 WARNING root] Done performing with code: 1
[2022-01-19 15:53:12,486 DEBUG root] Closing log handler: C:\Users\alfonso.de.cicco\PycharmProjects\AppiumSandbox\Test\Taurus\2022-01-19_15-52-07.352803\bzt.log
